Arguments: 
  C:\Program Files\nodejs\node.exe C:\Users\Israa\AppData\Roaming\npm\node_modules\yarn\bin\yarn.js install

PATH: 
  C:\xampp\htdocs\gardencity-app\node_modules\.bin;C:\Windows\system32;C:\Windows;C:\Windows\System32\Wbem;C:\Windows\System32\WindowsPowerShell\v1.0\;C:\Windows\System32\OpenSSH\;C:\Program Files\Git\cmd;C:\Program Files\nodejs\;C:\xampp\php;C:\ProgramData\ComposerSetup\bin;C:\Users\Israa\AppData\Local\Microsoft\WindowsApps;C:\Users\Israa\AppData\Roaming\npm;C:\Users\Israa\AppData\Roaming\Composer\vendor\bin

Yarn version: 
  1.22.10

Node version: 
  16.4.0

Platform: 
  win32 x64

Trace: 
  Error: EPERM: operation not permitted, unlink 'C:\xampp\htdocs\gardencity-app\node_modules\@babel\preset-typescript\lib'

npm manifest: 
  {
    "main": "node_modules/expo/AppEntry.js",
    "scripts": {
      "start": "expo start",
      "android": "expo start --android",
      "ios": "expo start --ios",
      "web": "expo start --web",
      "eject": "expo eject"
    },
    "dependencies": {
      "@eva-design/eva": "^2.1.0",
      "@expo/vector-icons": "^12.0.5",
      "@react-native-async-storage/async-storage": "^1.15.5",
      "@react-native-community/masked-view": "0.1.10",
      "@react-navigation/bottom-tabs": "^5.11.11",
      "@react-navigation/native": "^5.9.4",
      "@react-navigation/stack": "^5.14.5",
      "@ui-kitten/components": "^5.1.0",
      "axios": "^0.21.1",
      "expo": "~41.0.1",
      "expo-asset": "^8.3.2",
      "expo-constants": "~10.1.3",
      "expo-status-bar": "~1.0.4",
      "formik": "^2.2.9",
      "react": "16.13.1",
      "react-dom": "16.13.1",
      "react-native": "https://github.com/expo/react-native/archive/sdk-41.0.0.tar.gz",
      "react-native-gesture-handler": "~1.10.2",
      "react-native-reanimated": "~2.1.0",
      "react-native-safe-area-context": "3.2.0",
      "react-native-screens": "~3.0.0",
      "react-native-searchable-dropdown": "^1.1.3",
      "react-native-svg": "12.1.0",
      "react-redux": "^7.2.4",
      "redux": "^4.1.0",
      "redux-thunk": "^2.3.0",
      "styled-components": "^5.3.0"
    },
    "devDependencies": {
      "@babel/core": "^7.9.0",
      "expo-app-loading": "^1.0.3"
    },
    "private": true
  }

yarn manifest: 
  No manifest

Lockfile: 
  No lockfile
